<?xml version="1.0" encoding="UTF-8"?>
<!-- Generated by org.testng.reporters.JUnitXMLReporter -->
<testsuite hostname="C3700100417" name="Default test" tests="3" failures="0" timestamp="26 May 2016 11:12:04 GMT" time="47.413" errors="0">
  <testcase name="FailedLogIn" time="5.224" classname="com.maventutorial.selenium.FirstTest"/>
  <testcase name="SuccessfulLogin" time="9.815" classname="com.maventutorial.selenium.FirstTest"/>
  <testcase name="doSomethingIrrelevant" time="19.869" classname="com.maventutorial.selenium.FirstTest"/>
</testsuite> <!-- Default test -->
