<?xml version="1.0" encoding="UTF-8"?>
<!-- Generated by org.testng.reporters.JUnitXMLReporter -->
<testsuite hostname="C3700100417" name="Default test" tests="3" failures="0" timestamp="24 May 2016 10:43:05 GMT" time="35.889" errors="0">
  <testcase name="FailedLogIn" time="2.686" classname="com.maventutorial.selenium.FirstTest"/>
  <testcase name="SuccessfulLogin" time="5.998" classname="com.maventutorial.selenium.FirstTest"/>
  <testcase name="doSomethingIrrelevant" time="14.829" classname="com.maventutorial.selenium.FirstTest"/>
</testsuite> <!-- Default test -->
